#! /c/Source/iverilog-install/bin/vvp
:ivl_version "12.0 (devel)" "(s20150603-1539-g2693dd32b)";
:ivl_delay_selection "TYPICAL";
:vpi_time_precision - 12;
:vpi_module "D:\program_files\iverilog\lib\ivl\system.vpi";
:vpi_module "D:\program_files\iverilog\lib\ivl\vhdl_sys.vpi";
:vpi_module "D:\program_files\iverilog\lib\ivl\vhdl_textio.vpi";
:vpi_module "D:\program_files\iverilog\lib\ivl\v2005_math.vpi";
:vpi_module "D:\program_files\iverilog\lib\ivl\va_math.vpi";
S_0000027636524dd0 .scope module, "AutoPlay_tb" "AutoPlay_tb" 2 3;
 .timescale -9 -12;
v00000276365db480_0 .var "clk", 0 0;
v00000276365db8e0_0 .net "note_out", 3 0, v00000276369289a0_0;  1 drivers
v00000276365dba20_0 .var "octave_keys", 1 0;
v00000276365dc4c0_0 .var "reset", 0 0;
v00000276365db200_0 .var "selected_song", 3 0;
v00000276365dc380_0 .net "speaker", 0 0, v00000276365db700_0;  1 drivers
S_0000027636573cf0 .scope module, "uut" "AutoPlay" 2 12, 3 21 0, S_0000027636524dd0;
 .timescale -9 -12;
    .port_info 0 /INPUT 1 "clk";
    .port_info 1 /INPUT 1 "reset";
    .port_info 2 /INPUT 2 "octave_keys";
    .port_info 3 /INPUT 4 "selected_song";
    .port_info 4 /OUTPUT 1 "speaker";
    .port_info 5 /OUTPUT 4 "note_out";
P_0000027636594d40 .param/l "GAP_DURATION" 1 3 30, C4<000000111110100>;
P_0000027636594d78 .param/l "SIZE" 1 3 31, +C4<00000000000000000000000000100000>;
v0000027636928180_0 .net "clk", 0 0, v00000276365db480_0;  1 drivers
v00000276369282c0_0 .var "counter", 31 0;
v0000027636928e00_0 .var "gap_counter", 15 0;
v0000027636928f40_0 .var "in_gap", 0 0;
v00000276369285e0_0 .var "index", 4 0;
v0000027636928d60_0 .net "note_out", 3 0, v00000276369289a0_0;  alias, 1 drivers
v0000027636928360_0 .net "octave_down", 0 0, v0000027636928900_0;  1 drivers
v0000027636928220_0 .net "octave_keys", 1 0, v00000276365dba20_0;  1 drivers
v0000027636928fe0_0 .net "octave_up", 0 0, v0000027636928ea0_0;  1 drivers
v00000276369280e0_0 .net "piano_speaker", 0 0, L_00000276365dc420;  1 drivers
v0000027636928a40_0 .net "reset", 0 0, v00000276365dc4c0_0;  1 drivers
v0000027636928680_0 .net "selected_song", 3 0, v00000276365db200_0;  1 drivers
v0000027636928400_0 .net "song_durations", 15 0, v00000276369287c0_0;  1 drivers
v00000276365db700_0 .var "speaker", 0 0;
S_0000027636573e80 .scope module, "buzzer" "Buzzer" 3 51, 4 36 0, S_0000027636573cf0;
 .timescale -9 -12;
    .port_info 0 /INPUT 1 "clk";
    .port_info 1 /INPUT 4 "note";
    .port_info 2 /INPUT 1 "octave_up";
    .port_info 3 /INPUT 1 "octave_down";
    .port_info 4 /INPUT 1 "en";
    .port_info 5 /OUTPUT 1 "speaker";
v0000027636524f60_0 .net *"_ivl_0", 31 0, L_00000276365db980;  1 drivers
L_00000276369290a8 .functor BUFT 1, C4<0000000000000000000000000000000>, C4<0>, C4<0>, C4<0>;
v0000027636574010_0 .net *"_ivl_3", 30 0, L_00000276369290a8;  1 drivers
v00000276365740b0_0 .net *"_ivl_5", 31 0, L_00000276365db340;  1 drivers
v000002763656f2e0 .array "base_frequencies", 0 7, 31 0;
v000002763656f380_0 .net "clk", 0 0, v00000276365db480_0;  alias, 1 drivers
v000002763656f420_0 .var "counter", 31 0;
v000002763656f4c0_0 .var "current_frequency", 31 0;
o00000276365952a8 .functor BUFZ 1, C4<z>; HiZ drive
v000002763656f560_0 .net "en", 0 0, o00000276365952a8;  0 drivers
v0000027636928b80_0 .net "note", 3 0, v00000276369289a0_0;  alias, 1 drivers
v0000027636928c20_0 .net "octave_down", 0 0, v0000027636928900_0;  alias, 1 drivers
v0000027636928ae0_0 .net "octave_up", 0 0, v0000027636928ea0_0;  alias, 1 drivers
v0000027636928720_0 .var "pwm", 0 0;
v0000027636928860_0 .net "speaker", 0 0, L_00000276365dc420;  alias, 1 drivers
E_000002763658ce20 .event posedge, v000002763656f380_0;
v000002763656f2e0_0 .array/port v000002763656f2e0, 0;
E_000002763658c5e0/0 .event anyedge, v0000027636928ae0_0, v0000027636928c20_0, v0000027636928b80_0, v000002763656f2e0_0;
v000002763656f2e0_1 .array/port v000002763656f2e0, 1;
v000002763656f2e0_2 .array/port v000002763656f2e0, 2;
v000002763656f2e0_3 .array/port v000002763656f2e0, 3;
v000002763656f2e0_4 .array/port v000002763656f2e0, 4;
E_000002763658c5e0/1 .event anyedge, v000002763656f2e0_1, v000002763656f2e0_2, v000002763656f2e0_3, v000002763656f2e0_4;
v000002763656f2e0_5 .array/port v000002763656f2e0, 5;
v000002763656f2e0_6 .array/port v000002763656f2e0, 6;
v000002763656f2e0_7 .array/port v000002763656f2e0, 7;
E_000002763658c5e0/2 .event anyedge, v000002763656f2e0_5, v000002763656f2e0_6, v000002763656f2e0_7;
E_000002763658c5e0 .event/or E_000002763658c5e0/0, E_000002763658c5e0/1, E_000002763658c5e0/2;
L_00000276365db980 .concat [ 1 31 0 0], v0000027636928720_0, L_00000276369290a8;
L_00000276365db340 .functor MUXZ 32, v000002763656f2e0_0, L_00000276365db980, o00000276365952a8, C4<>;
L_00000276365dc420 .part L_00000276365db340, 0, 1;
S_000002763655ecd0 .scope module, "octave_control" "OctaveControl" 3 46, 5 3 0, S_0000027636573cf0;
 .timescale -9 -12;
    .port_info 0 /INPUT 2 "octave_keys";
    .port_info 1 /OUTPUT 1 "octave_up";
    .port_info 2 /OUTPUT 1 "octave_down";
v0000027636928900_0 .var "octave_down", 0 0;
v0000027636928cc0_0 .net "octave_keys", 1 0, v00000276365dba20_0;  alias, 1 drivers
v0000027636928ea0_0 .var "octave_up", 0 0;
E_000002763658c060 .event anyedge, v0000027636928cc0_0;
S_000002763655ee60 .scope module, "song_rom" "SongROM" 3 59, 6 1 0, S_0000027636573cf0;
 .timescale -9 -12;
    .port_info 0 /INPUT 5 "address";
    .port_info 1 /INPUT 4 "selected_song";
    .port_info 2 /OUTPUT 4 "note";
    .port_info 3 /OUTPUT 16 "note_duration";
v00000276369284a0_0 .net "address", 4 0, v00000276369285e0_0;  1 drivers
v00000276369289a0_0 .var "note", 3 0;
v00000276369287c0_0 .var "note_duration", 15 0;
v0000027636928540_0 .net "selected_song", 3 0, v00000276365db200_0;  alias, 1 drivers
E_000002763658c3a0 .event anyedge, v00000276369284a0_0;
    .scope S_000002763655ecd0;
T_0 ;
    %wait E_000002763658c060;
    %load/vec4 v0000027636928cc0_0;
    %parti/s 1, 0, 2;
    %store/vec4 v0000027636928ea0_0, 0, 1;
    %load/vec4 v0000027636928cc0_0;
    %parti/s 1, 1, 2;
    %store/vec4 v0000027636928900_0, 0, 1;
    %jmp T_0;
    .thread T_0, $push;
    .scope S_0000027636573e80;
T_1 ;
    %pushi/vec4 0, 0, 32;
    %ix/load 4, 0, 0;
    %flag_set/imm 4, 0;
    %store/vec4a v000002763656f2e0, 4, 0;
    %pushi/vec4 381680, 0, 32;
    %ix/load 4, 1, 0;
    %flag_set/imm 4, 0;
    %store/vec4a v000002763656f2e0, 4, 0;
    %pushi/vec4 340136, 0, 32;
    %ix/load 4, 2, 0;
    %flag_set/imm 4, 0;
    %store/vec4a v000002763656f2e0, 4, 0;
    %pushi/vec4 303030, 0, 32;
    %ix/load 4, 3, 0;
    %flag_set/imm 4, 0;
    %store/vec4a v000002763656f2e0, 4, 0;
    %pushi/vec4 285714, 0, 32;
    %ix/load 4, 4, 0;
    %flag_set/imm 4, 0;
    %store/vec4a v000002763656f2e0, 4, 0;
    %pushi/vec4 255102, 0, 32;
    %ix/load 4, 5, 0;
    %flag_set/imm 4, 0;
    %store/vec4a v000002763656f2e0, 4, 0;
    %pushi/vec4 227273, 0, 32;
    %ix/load 4, 6, 0;
    %flag_set/imm 4, 0;
    %store/vec4a v000002763656f2e0, 4, 0;
    %pushi/vec4 202429, 0, 32;
    %ix/load 4, 7, 0;
    %flag_set/imm 4, 0;
    %store/vec4a v000002763656f2e0, 4, 0;
    %end;
    .thread T_1;
    .scope S_0000027636573e80;
T_2 ;
    %wait E_000002763658c5e0;
    %load/vec4 v0000027636928ae0_0;
    %flag_set/vec4 9;
    %flag_get/vec4 9;
    %jmp/0 T_2.2, 9;
    %load/vec4 v0000027636928c20_0;
    %nor/r;
    %and;
T_2.2;
    %flag_set/vec4 8;
    %jmp/0xz  T_2.0, 8;
    %load/vec4 v0000027636928b80_0;
    %pad/u 5;
    %ix/vec4 4;
    %load/vec4a v000002763656f2e0, 4;
    %ix/load 4, 1, 0;
    %flag_set/imm 4, 0;
    %shiftr 4;
    %store/vec4 v000002763656f4c0_0, 0, 32;
    %jmp T_2.1;
T_2.0 ;
    %load/vec4 v0000027636928c20_0;
    %flag_set/vec4 9;
    %flag_get/vec4 9;
    %jmp/0 T_2.5, 9;
    %load/vec4 v0000027636928ae0_0;
    %nor/r;
    %and;
T_2.5;
    %flag_set/vec4 8;
    %jmp/0xz  T_2.3, 8;
    %load/vec4 v0000027636928b80_0;
    %pad/u 5;
    %ix/vec4 4;
    %load/vec4a v000002763656f2e0, 4;
    %ix/load 4, 1, 0;
    %flag_set/imm 4, 0;
    %shiftl 4;
    %store/vec4 v000002763656f4c0_0, 0, 32;
    %jmp T_2.4;
T_2.3 ;
    %load/vec4 v0000027636928b80_0;
    %pad/u 5;
    %ix/vec4 4;
    %load/vec4a v000002763656f2e0, 4;
    %store/vec4 v000002763656f4c0_0, 0, 32;
T_2.4 ;
T_2.1 ;
    %jmp T_2;
    .thread T_2, $push;
    .scope S_0000027636573e80;
T_3 ;
    %wait E_000002763658ce20;
    %load/vec4 v000002763656f420_0;
    %load/vec4 v000002763656f4c0_0;
    %cmp/u;
    %jmp/1 T_3.2, 5;
    %flag_mov 8, 5;
    %load/vec4 v0000027636928b80_0;
    %pad/u 32;
    %cmpi/e 0, 0, 32;
    %flag_or 4, 8;
    %flag_mov 5, 4;
T_3.2;
    %jmp/0xz  T_3.0, 5;
    %load/vec4 v000002763656f420_0;
    %addi 1, 0, 32;
    %assign/vec4 v000002763656f420_0, 0;
    %jmp T_3.1;
T_3.0 ;
    %load/vec4 v0000027636928720_0;
    %inv;
    %store/vec4 v0000027636928720_0, 0, 1;
T_3.1 ;
    %jmp T_3;
    .thread T_3;
    .scope S_000002763655ee60;
T_4 ;
    %wait E_000002763658c3a0;
    %load/vec4 v0000027636928540_0;
    %dup/vec4;
    %pushi/vec4 0, 0, 4;
    %cmp/u;
    %jmp/1 T_4.0, 6;
    %dup/vec4;
    %pushi/vec4 1, 0, 4;
    %cmp/u;
    %jmp/1 T_4.1, 6;
    %jmp T_4.2;
T_4.0 ;
    %load/vec4 v00000276369284a0_0;
    %dup/vec4;
    %pushi/vec4 0, 0, 5;
    %cmp/u;
    %jmp/1 T_4.3, 6;
    %dup/vec4;
    %pushi/vec4 1, 0, 5;
    %cmp/u;
    %jmp/1 T_4.4, 6;
    %dup/vec4;
    %pushi/vec4 2, 0, 5;
    %cmp/u;
    %jmp/1 T_4.5, 6;
    %dup/vec4;
    %pushi/vec4 3, 0, 5;
    %cmp/u;
    %jmp/1 T_4.6, 6;
    %dup/vec4;
    %pushi/vec4 4, 0, 5;
    %cmp/u;
    %jmp/1 T_4.7, 6;
    %dup/vec4;
    %pushi/vec4 5, 0, 5;
    %cmp/u;
    %jmp/1 T_4.8, 6;
    %dup/vec4;
    %pushi/vec4 6, 0, 5;
    %cmp/u;
    %jmp/1 T_4.9, 6;
    %dup/vec4;
    %pushi/vec4 7, 0, 5;
    %cmp/u;
    %jmp/1 T_4.10, 6;
    %dup/vec4;
    %pushi/vec4 8, 0, 5;
    %cmp/u;
    %jmp/1 T_4.11, 6;
    %dup/vec4;
    %pushi/vec4 9, 0, 5;
    %cmp/u;
    %jmp/1 T_4.12, 6;
    %dup/vec4;
    %pushi/vec4 10, 0, 5;
    %cmp/u;
    %jmp/1 T_4.13, 6;
    %dup/vec4;
    %pushi/vec4 11, 0, 5;
    %cmp/u;
    %jmp/1 T_4.14, 6;
    %dup/vec4;
    %pushi/vec4 12, 0, 5;
    %cmp/u;
    %jmp/1 T_4.15, 6;
    %dup/vec4;
    %pushi/vec4 13, 0, 5;
    %cmp/u;
    %jmp/1 T_4.16, 6;
    %dup/vec4;
    %pushi/vec4 14, 0, 5;
    %cmp/u;
    %jmp/1 T_4.17, 6;
    %dup/vec4;
    %pushi/vec4 15, 0, 5;
    %cmp/u;
    %jmp/1 T_4.18, 6;
    %dup/vec4;
    %pushi/vec4 16, 0, 5;
    %cmp/u;
    %jmp/1 T_4.19, 6;
    %dup/vec4;
    %pushi/vec4 17, 0, 5;
    %cmp/u;
    %jmp/1 T_4.20, 6;
    %dup/vec4;
    %pushi/vec4 18, 0, 5;
    %cmp/u;
    %jmp/1 T_4.21, 6;
    %dup/vec4;
    %pushi/vec4 19, 0, 5;
    %cmp/u;
    %jmp/1 T_4.22, 6;
    %dup/vec4;
    %pushi/vec4 20, 0, 5;
    %cmp/u;
    %jmp/1 T_4.23, 6;
    %dup/vec4;
    %pushi/vec4 21, 0, 5;
    %cmp/u;
    %jmp/1 T_4.24, 6;
    %dup/vec4;
    %pushi/vec4 22, 0, 5;
    %cmp/u;
    %jmp/1 T_4.25, 6;
    %dup/vec4;
    %pushi/vec4 23, 0, 5;
    %cmp/u;
    %jmp/1 T_4.26, 6;
    %dup/vec4;
    %pushi/vec4 24, 0, 5;
    %cmp/u;
    %jmp/1 T_4.27, 6;
    %dup/vec4;
    %pushi/vec4 25, 0, 5;
    %cmp/u;
    %jmp/1 T_4.28, 6;
    %dup/vec4;
    %pushi/vec4 26, 0, 5;
    %cmp/u;
    %jmp/1 T_4.29, 6;
    %dup/vec4;
    %pushi/vec4 27, 0, 5;
    %cmp/u;
    %jmp/1 T_4.30, 6;
    %pushi/vec4 0, 0, 4;
    %store/vec4 v00000276369289a0_0, 0, 4;
    %jmp T_4.32;
T_4.3 ;
    %pushi/vec4 1, 0, 4;
    %store/vec4 v00000276369289a0_0, 0, 4;
    %jmp T_4.32;
T_4.4 ;
    %pushi/vec4 1, 0, 4;
    %store/vec4 v00000276369289a0_0, 0, 4;
    %jmp T_4.32;
T_4.5 ;
    %pushi/vec4 5, 0, 4;
    %store/vec4 v00000276369289a0_0, 0, 4;
    %jmp T_4.32;
T_4.6 ;
    %pushi/vec4 5, 0, 4;
    %store/vec4 v00000276369289a0_0, 0, 4;
    %jmp T_4.32;
T_4.7 ;
    %pushi/vec4 6, 0, 4;
    %store/vec4 v00000276369289a0_0, 0, 4;
    %jmp T_4.32;
T_4.8 ;
    %pushi/vec4 6, 0, 4;
    %store/vec4 v00000276369289a0_0, 0, 4;
    %jmp T_4.32;
T_4.9 ;
    %pushi/vec4 5, 0, 4;
    %store/vec4 v00000276369289a0_0, 0, 4;
    %jmp T_4.32;
T_4.10 ;
    %pushi/vec4 4, 0, 4;
    %store/vec4 v00000276369289a0_0, 0, 4;
    %jmp T_4.32;
T_4.11 ;
    %pushi/vec4 4, 0, 4;
    %store/vec4 v00000276369289a0_0, 0, 4;
    %jmp T_4.32;
T_4.12 ;
    %pushi/vec4 3, 0, 4;
    %store/vec4 v00000276369289a0_0, 0, 4;
    %jmp T_4.32;
T_4.13 ;
    %pushi/vec4 3, 0, 4;
    %store/vec4 v00000276369289a0_0, 0, 4;
    %jmp T_4.32;
T_4.14 ;
    %pushi/vec4 2, 0, 4;
    %store/vec4 v00000276369289a0_0, 0, 4;
    %jmp T_4.32;
T_4.15 ;
    %pushi/vec4 2, 0, 4;
    %store/vec4 v00000276369289a0_0, 0, 4;
    %jmp T_4.32;
T_4.16 ;
    %pushi/vec4 1, 0, 4;
    %store/vec4 v00000276369289a0_0, 0, 4;
    %jmp T_4.32;
T_4.17 ;
    %pushi/vec4 5, 0, 4;
    %store/vec4 v00000276369289a0_0, 0, 4;
    %jmp T_4.32;
T_4.18 ;
    %pushi/vec4 5, 0, 4;
    %store/vec4 v00000276369289a0_0, 0, 4;
    %jmp T_4.32;
T_4.19 ;
    %pushi/vec4 4, 0, 4;
    %store/vec4 v00000276369289a0_0, 0, 4;
    %jmp T_4.32;
T_4.20 ;
    %pushi/vec4 4, 0, 4;
    %store/vec4 v00000276369289a0_0, 0, 4;
    %jmp T_4.32;
T_4.21 ;
    %pushi/vec4 3, 0, 4;
    %store/vec4 v00000276369289a0_0, 0, 4;
    %jmp T_4.32;
T_4.22 ;
    %pushi/vec4 3, 0, 4;
    %store/vec4 v00000276369289a0_0, 0, 4;
    %jmp T_4.32;
T_4.23 ;
    %pushi/vec4 2, 0, 4;
    %store/vec4 v00000276369289a0_0, 0, 4;
    %jmp T_4.32;
T_4.24 ;
    %pushi/vec4 5, 0, 4;
    %store/vec4 v00000276369289a0_0, 0, 4;
    %jmp T_4.32;
T_4.25 ;
    %pushi/vec4 5, 0, 4;
    %store/vec4 v00000276369289a0_0, 0, 4;
    %jmp T_4.32;
T_4.26 ;
    %pushi/vec4 4, 0, 4;
    %store/vec4 v00000276369289a0_0, 0, 4;
    %jmp T_4.32;
T_4.27 ;
    %pushi/vec4 4, 0, 4;
    %store/vec4 v00000276369289a0_0, 0, 4;
    %jmp T_4.32;
T_4.28 ;
    %pushi/vec4 3, 0, 4;
    %store/vec4 v00000276369289a0_0, 0, 4;
    %jmp T_4.32;
T_4.29 ;
    %pushi/vec4 3, 0, 4;
    %store/vec4 v00000276369289a0_0, 0, 4;
    %jmp T_4.32;
T_4.30 ;
    %pushi/vec4 2, 0, 4;
    %store/vec4 v00000276369289a0_0, 0, 4;
    %jmp T_4.32;
T_4.32 ;
    %pop/vec4 1;
    %load/vec4 v00000276369284a0_0;
    %dup/vec4;
    %pushi/vec4 0, 0, 5;
    %cmp/u;
    %jmp/1 T_4.33, 6;
    %dup/vec4;
    %pushi/vec4 1, 0, 5;
    %cmp/u;
    %jmp/1 T_4.34, 6;
    %dup/vec4;
    %pushi/vec4 2, 0, 5;
    %cmp/u;
    %jmp/1 T_4.35, 6;
    %dup/vec4;
    %pushi/vec4 3, 0, 5;
    %cmp/u;
    %jmp/1 T_4.36, 6;
    %dup/vec4;
    %pushi/vec4 4, 0, 5;
    %cmp/u;
    %jmp/1 T_4.37, 6;
    %dup/vec4;
    %pushi/vec4 5, 0, 5;
    %cmp/u;
    %jmp/1 T_4.38, 6;
    %dup/vec4;
    %pushi/vec4 6, 0, 5;
    %cmp/u;
    %jmp/1 T_4.39, 6;
    %dup/vec4;
    %pushi/vec4 7, 0, 5;
    %cmp/u;
    %jmp/1 T_4.40, 6;
    %dup/vec4;
    %pushi/vec4 8, 0, 5;
    %cmp/u;
    %jmp/1 T_4.41, 6;
    %dup/vec4;
    %pushi/vec4 9, 0, 5;
    %cmp/u;
    %jmp/1 T_4.42, 6;
    %dup/vec4;
    %pushi/vec4 10, 0, 5;
    %cmp/u;
    %jmp/1 T_4.43, 6;
    %dup/vec4;
    %pushi/vec4 11, 0, 5;
    %cmp/u;
    %jmp/1 T_4.44, 6;
    %dup/vec4;
    %pushi/vec4 12, 0, 5;
    %cmp/u;
    %jmp/1 T_4.45, 6;
    %dup/vec4;
    %pushi/vec4 13, 0, 5;
    %cmp/u;
    %jmp/1 T_4.46, 6;
    %dup/vec4;
    %pushi/vec4 14, 0, 5;
    %cmp/u;
    %jmp/1 T_4.47, 6;
    %dup/vec4;
    %pushi/vec4 15, 0, 5;
    %cmp/u;
    %jmp/1 T_4.48, 6;
    %dup/vec4;
    %pushi/vec4 16, 0, 5;
    %cmp/u;
    %jmp/1 T_4.49, 6;
    %dup/vec4;
    %pushi/vec4 17, 0, 5;
    %cmp/u;
    %jmp/1 T_4.50, 6;
    %dup/vec4;
    %pushi/vec4 18, 0, 5;
    %cmp/u;
    %jmp/1 T_4.51, 6;
    %dup/vec4;
    %pushi/vec4 19, 0, 5;
    %cmp/u;
    %jmp/1 T_4.52, 6;
    %dup/vec4;
    %pushi/vec4 20, 0, 5;
    %cmp/u;
    %jmp/1 T_4.53, 6;
    %dup/vec4;
    %pushi/vec4 21, 0, 5;
    %cmp/u;
    %jmp/1 T_4.54, 6;
    %dup/vec4;
    %pushi/vec4 22, 0, 5;
    %cmp/u;
    %jmp/1 T_4.55, 6;
    %dup/vec4;
    %pushi/vec4 23, 0, 5;
    %cmp/u;
    %jmp/1 T_4.56, 6;
    %dup/vec4;
    %pushi/vec4 24, 0, 5;
    %cmp/u;
    %jmp/1 T_4.57, 6;
    %dup/vec4;
    %pushi/vec4 25, 0, 5;
    %cmp/u;
    %jmp/1 T_4.58, 6;
    %dup/vec4;
    %pushi/vec4 26, 0, 5;
    %cmp/u;
    %jmp/1 T_4.59, 6;
    %dup/vec4;
    %pushi/vec4 27, 0, 5;
    %cmp/u;
    %jmp/1 T_4.60, 6;
    %pushi/vec4 0, 0, 16;
    %store/vec4 v00000276369287c0_0, 0, 16;
    %jmp T_4.62;
T_4.33 ;
    %pushi/vec4 3000, 0, 16;
    %store/vec4 v00000276369287c0_0, 0, 16;
    %jmp T_4.62;
T_4.34 ;
    %pushi/vec4 3000, 0, 16;
    %store/vec4 v00000276369287c0_0, 0, 16;
    %jmp T_4.62;
T_4.35 ;
    %pushi/vec4 3000, 0, 16;
    %store/vec4 v00000276369287c0_0, 0, 16;
    %jmp T_4.62;
T_4.36 ;
    %pushi/vec4 3000, 0, 16;
    %store/vec4 v00000276369287c0_0, 0, 16;
    %jmp T_4.62;
T_4.37 ;
    %pushi/vec4 3000, 0, 16;
    %store/vec4 v00000276369287c0_0, 0, 16;
    %jmp T_4.62;
T_4.38 ;
    %pushi/vec4 3000, 0, 16;
    %store/vec4 v00000276369287c0_0, 0, 16;
    %jmp T_4.62;
T_4.39 ;
    %pushi/vec4 6000, 0, 16;
    %store/vec4 v00000276369287c0_0, 0, 16;
    %jmp T_4.62;
T_4.40 ;
    %pushi/vec4 3000, 0, 16;
    %store/vec4 v00000276369287c0_0, 0, 16;
    %jmp T_4.62;
T_4.41 ;
    %pushi/vec4 3000, 0, 16;
    %store/vec4 v00000276369287c0_0, 0, 16;
    %jmp T_4.62;
T_4.42 ;
    %pushi/vec4 3000, 0, 16;
    %store/vec4 v00000276369287c0_0, 0, 16;
    %jmp T_4.62;
T_4.43 ;
    %pushi/vec4 3000, 0, 16;
    %store/vec4 v00000276369287c0_0, 0, 16;
    %jmp T_4.62;
T_4.44 ;
    %pushi/vec4 3000, 0, 16;
    %store/vec4 v00000276369287c0_0, 0, 16;
    %jmp T_4.62;
T_4.45 ;
    %pushi/vec4 3000, 0, 16;
    %store/vec4 v00000276369287c0_0, 0, 16;
    %jmp T_4.62;
T_4.46 ;
    %pushi/vec4 6000, 0, 16;
    %store/vec4 v00000276369287c0_0, 0, 16;
    %jmp T_4.62;
T_4.47 ;
    %pushi/vec4 3000, 0, 16;
    %store/vec4 v00000276369287c0_0, 0, 16;
    %jmp T_4.62;
T_4.48 ;
    %pushi/vec4 3000, 0, 16;
    %store/vec4 v00000276369287c0_0, 0, 16;
    %jmp T_4.62;
T_4.49 ;
    %pushi/vec4 3000, 0, 16;
    %store/vec4 v00000276369287c0_0, 0, 16;
    %jmp T_4.62;
T_4.50 ;
    %pushi/vec4 3000, 0, 16;
    %store/vec4 v00000276369287c0_0, 0, 16;
    %jmp T_4.62;
T_4.51 ;
    %pushi/vec4 3000, 0, 16;
    %store/vec4 v00000276369287c0_0, 0, 16;
    %jmp T_4.62;
T_4.52 ;
    %pushi/vec4 3000, 0, 16;
    %store/vec4 v00000276369287c0_0, 0, 16;
    %jmp T_4.62;
T_4.53 ;
    %pushi/vec4 6000, 0, 16;
    %store/vec4 v00000276369287c0_0, 0, 16;
    %jmp T_4.62;
T_4.54 ;
    %pushi/vec4 3000, 0, 16;
    %store/vec4 v00000276369287c0_0, 0, 16;
    %jmp T_4.62;
T_4.55 ;
    %pushi/vec4 3000, 0, 16;
    %store/vec4 v00000276369287c0_0, 0, 16;
    %jmp T_4.62;
T_4.56 ;
    %pushi/vec4 3000, 0, 16;
    %store/vec4 v00000276369287c0_0, 0, 16;
    %jmp T_4.62;
T_4.57 ;
    %pushi/vec4 3000, 0, 16;
    %store/vec4 v00000276369287c0_0, 0, 16;
    %jmp T_4.62;
T_4.58 ;
    %pushi/vec4 3000, 0, 16;
    %store/vec4 v00000276369287c0_0, 0, 16;
    %jmp T_4.62;
T_4.59 ;
    %pushi/vec4 3000, 0, 16;
    %store/vec4 v00000276369287c0_0, 0, 16;
    %jmp T_4.62;
T_4.60 ;
    %pushi/vec4 6000, 0, 16;
    %store/vec4 v00000276369287c0_0, 0, 16;
    %jmp T_4.62;
T_4.62 ;
    %pop/vec4 1;
    %jmp T_4.2;
T_4.1 ;
    %load/vec4 v00000276369284a0_0;
    %dup/vec4;
    %pushi/vec4 0, 0, 5;
    %cmp/u;
    %jmp/1 T_4.63, 6;
    %dup/vec4;
    %pushi/vec4 1, 0, 5;
    %cmp/u;
    %jmp/1 T_4.64, 6;
    %dup/vec4;
    %pushi/vec4 2, 0, 5;
    %cmp/u;
    %jmp/1 T_4.65, 6;
    %dup/vec4;
    %pushi/vec4 3, 0, 5;
    %cmp/u;
    %jmp/1 T_4.66, 6;
    %dup/vec4;
    %pushi/vec4 4, 0, 5;
    %cmp/u;
    %jmp/1 T_4.67, 6;
    %dup/vec4;
    %pushi/vec4 5, 0, 5;
    %cmp/u;
    %jmp/1 T_4.68, 6;
    %dup/vec4;
    %pushi/vec4 6, 0, 5;
    %cmp/u;
    %jmp/1 T_4.69, 6;
    %dup/vec4;
    %pushi/vec4 7, 0, 5;
    %cmp/u;
    %jmp/1 T_4.70, 6;
    %dup/vec4;
    %pushi/vec4 8, 0, 5;
    %cmp/u;
    %jmp/1 T_4.71, 6;
    %dup/vec4;
    %pushi/vec4 9, 0, 5;
    %cmp/u;
    %jmp/1 T_4.72, 6;
    %dup/vec4;
    %pushi/vec4 10, 0, 5;
    %cmp/u;
    %jmp/1 T_4.73, 6;
    %dup/vec4;
    %pushi/vec4 11, 0, 5;
    %cmp/u;
    %jmp/1 T_4.74, 6;
    %dup/vec4;
    %pushi/vec4 12, 0, 5;
    %cmp/u;
    %jmp/1 T_4.75, 6;
    %dup/vec4;
    %pushi/vec4 13, 0, 5;
    %cmp/u;
    %jmp/1 T_4.76, 6;
    %dup/vec4;
    %pushi/vec4 14, 0, 5;
    %cmp/u;
    %jmp/1 T_4.77, 6;
    %dup/vec4;
    %pushi/vec4 15, 0, 5;
    %cmp/u;
    %jmp/1 T_4.78, 6;
    %dup/vec4;
    %pushi/vec4 16, 0, 5;
    %cmp/u;
    %jmp/1 T_4.79, 6;
    %dup/vec4;
    %pushi/vec4 17, 0, 5;
    %cmp/u;
    %jmp/1 T_4.80, 6;
    %dup/vec4;
    %pushi/vec4 18, 0, 5;
    %cmp/u;
    %jmp/1 T_4.81, 6;
    %dup/vec4;
    %pushi/vec4 19, 0, 5;
    %cmp/u;
    %jmp/1 T_4.82, 6;
    %dup/vec4;
    %pushi/vec4 20, 0, 5;
    %cmp/u;
    %jmp/1 T_4.83, 6;
    %dup/vec4;
    %pushi/vec4 21, 0, 5;
    %cmp/u;
    %jmp/1 T_4.84, 6;
    %dup/vec4;
    %pushi/vec4 22, 0, 5;
    %cmp/u;
    %jmp/1 T_4.85, 6;
    %dup/vec4;
    %pushi/vec4 23, 0, 5;
    %cmp/u;
    %jmp/1 T_4.86, 6;
    %dup/vec4;
    %pushi/vec4 24, 0, 5;
    %cmp/u;
    %jmp/1 T_4.87, 6;
    %dup/vec4;
    %pushi/vec4 25, 0, 5;
    %cmp/u;
    %jmp/1 T_4.88, 6;
    %dup/vec4;
    %pushi/vec4 26, 0, 5;
    %cmp/u;
    %jmp/1 T_4.89, 6;
    %dup/vec4;
    %pushi/vec4 27, 0, 5;
    %cmp/u;
    %jmp/1 T_4.90, 6;
    %dup/vec4;
    %pushi/vec4 28, 0, 5;
    %cmp/u;
    %jmp/1 T_4.91, 6;
    %dup/vec4;
    %pushi/vec4 29, 0, 5;
    %cmp/u;
    %jmp/1 T_4.92, 6;
    %dup/vec4;
    %pushi/vec4 30, 0, 5;
    %cmp/u;
    %jmp/1 T_4.93, 6;
    %dup/vec4;
    %pushi/vec4 31, 0, 5;
    %cmp/u;
    %jmp/1 T_4.94, 6;
    %pushi/vec4 0, 0, 4;
    %store/vec4 v00000276369289a0_0, 0, 4;
    %jmp T_4.96;
T_4.63 ;
    %pushi/vec4 3, 0, 4;
    %store/vec4 v00000276369289a0_0, 0, 4;
    %jmp T_4.96;
T_4.64 ;
    %pushi/vec4 3, 0, 4;
    %store/vec4 v00000276369289a0_0, 0, 4;
    %jmp T_4.96;
T_4.65 ;
    %pushi/vec4 6, 0, 4;
    %store/vec4 v00000276369289a0_0, 0, 4;
    %jmp T_4.96;
T_4.66 ;
    %pushi/vec4 6, 0, 4;
    %store/vec4 v00000276369289a0_0, 0, 4;
    %jmp T_4.96;
T_4.67 ;
    %pushi/vec4 3, 0, 4;
    %store/vec4 v00000276369289a0_0, 0, 4;
    %jmp T_4.96;
T_4.68 ;
    %pushi/vec4 0, 0, 4;
    %store/vec4 v00000276369289a0_0, 0, 4;
    %jmp T_4.96;
T_4.69 ;
    %pushi/vec4 3, 0, 4;
    %store/vec4 v00000276369289a0_0, 0, 4;
    %jmp T_4.96;
T_4.70 ;
    %pushi/vec4 3, 0, 4;
    %store/vec4 v00000276369289a0_0, 0, 4;
    %jmp T_4.96;
T_4.71 ;
    %pushi/vec4 3, 0, 4;
    %store/vec4 v00000276369289a0_0, 0, 4;
    %jmp T_4.96;
T_4.72 ;
    %pushi/vec4 0, 0, 4;
    %store/vec4 v00000276369289a0_0, 0, 4;
    %jmp T_4.96;
T_4.73 ;
    %pushi/vec4 3, 0, 4;
    %store/vec4 v00000276369289a0_0, 0, 4;
    %jmp T_4.96;
T_4.74 ;
    %pushi/vec4 3, 0, 4;
    %store/vec4 v00000276369289a0_0, 0, 4;
    %jmp T_4.96;
T_4.75 ;
    %pushi/vec4 6, 0, 4;
    %store/vec4 v00000276369289a0_0, 0, 4;
    %jmp T_4.96;
T_4.76 ;
    %pushi/vec4 6, 0, 4;
    %store/vec4 v00000276369289a0_0, 0, 4;
    %jmp T_4.96;
T_4.77 ;
    %pushi/vec4 3, 0, 4;
    %store/vec4 v00000276369289a0_0, 0, 4;
    %jmp T_4.96;
T_4.78 ;
    %pushi/vec4 0, 0, 4;
    %store/vec4 v00000276369289a0_0, 0, 4;
    %jmp T_4.96;
T_4.79 ;
    %pushi/vec4 3, 0, 4;
    %store/vec4 v00000276369289a0_0, 0, 4;
    %jmp T_4.96;
T_4.80 ;
    %pushi/vec4 3, 0, 4;
    %store/vec4 v00000276369289a0_0, 0, 4;
    %jmp T_4.96;
T_4.81 ;
    %pushi/vec4 3, 0, 4;
    %store/vec4 v00000276369289a0_0, 0, 4;
    %jmp T_4.96;
T_4.82 ;
    %pushi/vec4 0, 0, 4;
    %store/vec4 v00000276369289a0_0, 0, 4;
    %jmp T_4.96;
T_4.83 ;
    %pushi/vec4 3, 0, 4;
    %store/vec4 v00000276369289a0_0, 0, 4;
    %jmp T_4.96;
T_4.84 ;
    %pushi/vec4 3, 0, 4;
    %store/vec4 v00000276369289a0_0, 0, 4;
    %jmp T_4.96;
T_4.85 ;
    %pushi/vec4 3, 0, 4;
    %store/vec4 v00000276369289a0_0, 0, 4;
    %jmp T_4.96;
T_4.86 ;
    %pushi/vec4 3, 0, 4;
    %store/vec4 v00000276369289a0_0, 0, 4;
    %jmp T_4.96;
T_4.87 ;
    %pushi/vec4 3, 0, 4;
    %store/vec4 v00000276369289a0_0, 0, 4;
    %jmp T_4.96;
T_4.88 ;
    %pushi/vec4 6, 0, 4;
    %store/vec4 v00000276369289a0_0, 0, 4;
    %jmp T_4.96;
T_4.89 ;
    %pushi/vec4 6, 0, 4;
    %store/vec4 v00000276369289a0_0, 0, 4;
    %jmp T_4.96;
T_4.90 ;
    %pushi/vec4 3, 0, 4;
    %store/vec4 v00000276369289a0_0, 0, 4;
    %jmp T_4.96;
T_4.91 ;
    %pushi/vec4 0, 0, 4;
    %store/vec4 v00000276369289a0_0, 0, 4;
    %jmp T_4.96;
T_4.92 ;
    %pushi/vec4 3, 0, 4;
    %store/vec4 v00000276369289a0_0, 0, 4;
    %jmp T_4.96;
T_4.93 ;
    %pushi/vec4 3, 0, 4;
    %store/vec4 v00000276369289a0_0, 0, 4;
    %jmp T_4.96;
T_4.94 ;
    %pushi/vec4 3, 0, 4;
    %store/vec4 v00000276369289a0_0, 0, 4;
    %jmp T_4.96;
T_4.96 ;
    %pop/vec4 1;
    %load/vec4 v00000276369284a0_0;
    %dup/vec4;
    %pushi/vec4 0, 0, 5;
    %cmp/u;
    %jmp/1 T_4.97, 6;
    %dup/vec4;
    %pushi/vec4 1, 0, 5;
    %cmp/u;
    %jmp/1 T_4.98, 6;
    %dup/vec4;
    %pushi/vec4 2, 0, 5;
    %cmp/u;
    %jmp/1 T_4.99, 6;
    %dup/vec4;
    %pushi/vec4 3, 0, 5;
    %cmp/u;
    %jmp/1 T_4.100, 6;
    %dup/vec4;
    %pushi/vec4 4, 0, 5;
    %cmp/u;
    %jmp/1 T_4.101, 6;
    %dup/vec4;
    %pushi/vec4 5, 0, 5;
    %cmp/u;
    %jmp/1 T_4.102, 6;
    %dup/vec4;
    %pushi/vec4 6, 0, 5;
    %cmp/u;
    %jmp/1 T_4.103, 6;
    %dup/vec4;
    %pushi/vec4 7, 0, 5;
    %cmp/u;
    %jmp/1 T_4.104, 6;
    %dup/vec4;
    %pushi/vec4 8, 0, 5;
    %cmp/u;
    %jmp/1 T_4.105, 6;
    %dup/vec4;
    %pushi/vec4 9, 0, 5;
    %cmp/u;
    %jmp/1 T_4.106, 6;
    %dup/vec4;
    %pushi/vec4 10, 0, 5;
    %cmp/u;
    %jmp/1 T_4.107, 6;
    %dup/vec4;
    %pushi/vec4 11, 0, 5;
    %cmp/u;
    %jmp/1 T_4.108, 6;
    %dup/vec4;
    %pushi/vec4 12, 0, 5;
    %cmp/u;
    %jmp/1 T_4.109, 6;
    %dup/vec4;
    %pushi/vec4 13, 0, 5;
    %cmp/u;
    %jmp/1 T_4.110, 6;
    %dup/vec4;
    %pushi/vec4 14, 0, 5;
    %cmp/u;
    %jmp/1 T_4.111, 6;
    %dup/vec4;
    %pushi/vec4 15, 0, 5;
    %cmp/u;
    %jmp/1 T_4.112, 6;
    %dup/vec4;
    %pushi/vec4 16, 0, 5;
    %cmp/u;
    %jmp/1 T_4.113, 6;
    %dup/vec4;
    %pushi/vec4 17, 0, 5;
    %cmp/u;
    %jmp/1 T_4.114, 6;
    %dup/vec4;
    %pushi/vec4 18, 0, 5;
    %cmp/u;
    %jmp/1 T_4.115, 6;
    %dup/vec4;
    %pushi/vec4 19, 0, 5;
    %cmp/u;
    %jmp/1 T_4.116, 6;
    %dup/vec4;
    %pushi/vec4 20, 0, 5;
    %cmp/u;
    %jmp/1 T_4.117, 6;
    %dup/vec4;
    %pushi/vec4 21, 0, 5;
    %cmp/u;
    %jmp/1 T_4.118, 6;
    %dup/vec4;
    %pushi/vec4 22, 0, 5;
    %cmp/u;
    %jmp/1 T_4.119, 6;
    %dup/vec4;
    %pushi/vec4 23, 0, 5;
    %cmp/u;
    %jmp/1 T_4.120, 6;
    %dup/vec4;
    %pushi/vec4 24, 0, 5;
    %cmp/u;
    %jmp/1 T_4.121, 6;
    %dup/vec4;
    %pushi/vec4 25, 0, 5;
    %cmp/u;
    %jmp/1 T_4.122, 6;
    %dup/vec4;
    %pushi/vec4 26, 0, 5;
    %cmp/u;
    %jmp/1 T_4.123, 6;
    %dup/vec4;
    %pushi/vec4 27, 0, 5;
    %cmp/u;
    %jmp/1 T_4.124, 6;
    %dup/vec4;
    %pushi/vec4 28, 0, 5;
    %cmp/u;
    %jmp/1 T_4.125, 6;
    %dup/vec4;
    %pushi/vec4 29, 0, 5;
    %cmp/u;
    %jmp/1 T_4.126, 6;
    %dup/vec4;
    %pushi/vec4 30, 0, 5;
    %cmp/u;
    %jmp/1 T_4.127, 6;
    %dup/vec4;
    %pushi/vec4 31, 0, 5;
    %cmp/u;
    %jmp/1 T_4.128, 6;
    %pushi/vec4 0, 0, 16;
    %store/vec4 v00000276369287c0_0, 0, 16;
    %jmp T_4.130;
T_4.97 ;
    %pushi/vec4 1000, 0, 16;
    %store/vec4 v00000276369287c0_0, 0, 16;
    %jmp T_4.130;
T_4.98 ;
    %pushi/vec4 1000, 0, 16;
    %store/vec4 v00000276369287c0_0, 0, 16;
    %jmp T_4.130;
T_4.99 ;
    %pushi/vec4 2000, 0, 16;
    %store/vec4 v00000276369287c0_0, 0, 16;
    %jmp T_4.130;
T_4.100 ;
    %pushi/vec4 2000, 0, 16;
    %store/vec4 v00000276369287c0_0, 0, 16;
    %jmp T_4.130;
T_4.101 ;
    %pushi/vec4 4000, 0, 16;
    %store/vec4 v00000276369287c0_0, 0, 16;
    %jmp T_4.130;
T_4.102 ;
    %pushi/vec4 9000, 0, 16;
    %store/vec4 v00000276369287c0_0, 0, 16;
    %jmp T_4.130;
T_4.103 ;
    %pushi/vec4 1000, 0, 16;
    %store/vec4 v00000276369287c0_0, 0, 16;
    %jmp T_4.130;
T_4.104 ;
    %pushi/vec4 1000, 0, 16;
    %store/vec4 v00000276369287c0_0, 0, 16;
    %jmp T_4.130;
T_4.105 ;
    %pushi/vec4 2000, 0, 16;
    %store/vec4 v00000276369287c0_0, 0, 16;
    %jmp T_4.130;
T_4.106 ;
    %pushi/vec4 8000, 0, 16;
    %store/vec4 v00000276369287c0_0, 0, 16;
    %jmp T_4.130;
T_4.107 ;
    %pushi/vec4 1000, 0, 16;
    %store/vec4 v00000276369287c0_0, 0, 16;
    %jmp T_4.130;
T_4.108 ;
    %pushi/vec4 1000, 0, 16;
    %store/vec4 v00000276369287c0_0, 0, 16;
    %jmp T_4.130;
T_4.109 ;
    %pushi/vec4 2000, 0, 16;
    %store/vec4 v00000276369287c0_0, 0, 16;
    %jmp T_4.130;
T_4.110 ;
    %pushi/vec4 2000, 0, 16;
    %store/vec4 v00000276369287c0_0, 0, 16;
    %jmp T_4.130;
T_4.111 ;
    %pushi/vec4 4000, 0, 16;
    %store/vec4 v00000276369287c0_0, 0, 16;
    %jmp T_4.130;
T_4.112 ;
    %pushi/vec4 9000, 0, 16;
    %store/vec4 v00000276369287c0_0, 0, 16;
    %jmp T_4.130;
T_4.113 ;
    %pushi/vec4 1000, 0, 16;
    %store/vec4 v00000276369287c0_0, 0, 16;
    %jmp T_4.130;
T_4.114 ;
    %pushi/vec4 1000, 0, 16;
    %store/vec4 v00000276369287c0_0, 0, 16;
    %jmp T_4.130;
T_4.115 ;
    %pushi/vec4 2000, 0, 16;
    %store/vec4 v00000276369287c0_0, 0, 16;
    %jmp T_4.130;
T_4.116 ;
    %pushi/vec4 8000, 0, 16;
    %store/vec4 v00000276369287c0_0, 0, 16;
    %jmp T_4.130;
T_4.117 ;
    %pushi/vec4 1000, 0, 16;
    %store/vec4 v00000276369287c0_0, 0, 16;
    %jmp T_4.130;
T_4.118 ;
    %pushi/vec4 1000, 0, 16;
    %store/vec4 v00000276369287c0_0, 0, 16;
    %jmp T_4.130;
T_4.119 ;
    %pushi/vec4 2000, 0, 16;
    %store/vec4 v00000276369287c0_0, 0, 16;
    %jmp T_4.130;
T_4.120 ;
    %pushi/vec4 1000, 0, 16;
    %store/vec4 v00000276369287c0_0, 0, 16;
    %jmp T_4.130;
T_4.121 ;
    %pushi/vec4 1000, 0, 16;
    %store/vec4 v00000276369287c0_0, 0, 16;
    %jmp T_4.130;
T_4.122 ;
    %pushi/vec4 2000, 0, 16;
    %store/vec4 v00000276369287c0_0, 0, 16;
    %jmp T_4.130;
T_4.123 ;
    %pushi/vec4 2000, 0, 16;
    %store/vec4 v00000276369287c0_0, 0, 16;
    %jmp T_4.130;
T_4.124 ;
    %pushi/vec4 4000, 0, 16;
    %store/vec4 v00000276369287c0_0, 0, 16;
    %jmp T_4.130;
T_4.125 ;
    %pushi/vec4 9000, 0, 16;
    %store/vec4 v00000276369287c0_0, 0, 16;
    %jmp T_4.130;
T_4.126 ;
    %pushi/vec4 1000, 0, 16;
    %store/vec4 v00000276369287c0_0, 0, 16;
    %jmp T_4.130;
T_4.127 ;
    %pushi/vec4 1000, 0, 16;
    %store/vec4 v00000276369287c0_0, 0, 16;
    %jmp T_4.130;
T_4.128 ;
    %pushi/vec4 2000, 0, 16;
    %store/vec4 v00000276369287c0_0, 0, 16;
    %jmp T_4.130;
T_4.130 ;
    %pop/vec4 1;
    %jmp T_4.2;
T_4.2 ;
    %pop/vec4 1;
    %jmp T_4;
    .thread T_4, $push;
    .scope S_0000027636573cf0;
T_5 ;
    %wait E_000002763658ce20;
    %load/vec4 v0000027636928a40_0;
    %flag_set/vec4 8;
    %jmp/0xz  T_5.0, 8;
    %pushi/vec4 0, 0, 5;
    %assign/vec4 v00000276369285e0_0, 0;
    %pushi/vec4 0, 0, 32;
    %assign/vec4 v00000276369282c0_0, 0;
    %pushi/vec4 0, 0, 1;
    %assign/vec4 v00000276365db700_0, 0;
    %pushi/vec4 0, 0, 1;
    %assign/vec4 v0000027636928f40_0, 0;
    %pushi/vec4 0, 0, 16;
    %assign/vec4 v0000027636928e00_0, 0;
    %jmp T_5.1;
T_5.0 ;
    %load/vec4 v0000027636928f40_0;
    %flag_set/vec4 8;
    %jmp/0xz  T_5.2, 8;
    %load/vec4 v0000027636928e00_0;
    %cmpi/u 500, 0, 16;
    %jmp/0xz  T_5.4, 5;
    %load/vec4 v0000027636928e00_0;
    %addi 1, 0, 16;
    %assign/vec4 v0000027636928e00_0, 0;
    %pushi/vec4 0, 0, 1;
    %assign/vec4 v00000276365db700_0, 0;
    %jmp T_5.5;
T_5.4 ;
    %pushi/vec4 0, 0, 1;
    %assign/vec4 v0000027636928f40_0, 0;
    %pushi/vec4 0, 0, 16;
    %assign/vec4 v0000027636928e00_0, 0;
    %load/vec4 v00000276369285e0_0;
    %addi 1, 0, 5;
    %assign/vec4 v00000276369285e0_0, 0;
    %load/vec4 v00000276369285e0_0;
    %pad/u 32;
    %cmpi/e 32, 0, 32;
    %jmp/0xz  T_5.6, 4;
    %pushi/vec4 0, 0, 5;
    %assign/vec4 v00000276369285e0_0, 0;
T_5.6 ;
T_5.5 ;
    %jmp T_5.3;
T_5.2 ;
    %load/vec4 v00000276369282c0_0;
    %load/vec4 v0000027636928400_0;
    %pad/u 32;
    %cmp/u;
    %jmp/0xz  T_5.8, 5;
    %load/vec4 v00000276369282c0_0;
    %addi 1, 0, 32;
    %assign/vec4 v00000276369282c0_0, 0;
    %load/vec4 v00000276369280e0_0;
    %assign/vec4 v00000276365db700_0, 0;
    %jmp T_5.9;
T_5.8 ;
    %pushi/vec4 0, 0, 32;
    %assign/vec4 v00000276369282c0_0, 0;
    %pushi/vec4 1, 0, 1;
    %assign/vec4 v0000027636928f40_0, 0;
    %pushi/vec4 0, 0, 16;
    %assign/vec4 v0000027636928e00_0, 0;
T_5.9 ;
T_5.3 ;
T_5.1 ;
    %jmp T_5;
    .thread T_5;
    .scope S_0000027636524dd0;
T_6 ;
    %pushi/vec4 0, 0, 1;
    %store/vec4 v00000276365db480_0, 0, 1;
T_6.0 ;
    %delay 100000000, 0;
    %load/vec4 v00000276365db480_0;
    %inv;
    %store/vec4 v00000276365db480_0, 0, 1;
    %jmp T_6.0;
    %end;
    .thread T_6;
    .scope S_0000027636524dd0;
T_7 ;
    %vpi_call 2 29 "$dumpfile", "wave.vcd" {0 0 0};
    %vpi_call 2 30 "$dumpvars", 32'sb00000000000000000000000000000000, S_0000027636524dd0 {0 0 0};
    %end;
    .thread T_7;
    .scope S_0000027636524dd0;
T_8 ;
    %pushi/vec4 1, 0, 4;
    %store/vec4 v00000276365db200_0, 0, 4;
    %pushi/vec4 1, 0, 1;
    %store/vec4 v00000276365dc4c0_0, 0, 1;
    %pushi/vec4 0, 0, 2;
    %store/vec4 v00000276365dba20_0, 0, 2;
    %delay 3567587328, 232;
    %pushi/vec4 0, 0, 1;
    %store/vec4 v00000276365dc4c0_0, 0, 1;
    %delay 3948404736, 6984;
    %vpi_call 2 40 "$finish" {0 0 0};
    %end;
    .thread T_8;
# The file index is used to find the file name in the following table.
:file_names 7;
    "N/A";
    "<interactive>";
    "Auto_tb.v";
    "AutoPlay.v";
    "Buzzer.v";
    "OctaveControl.v";
    "Song_ROM.v";
